<?xml version="1.0" encoding="UTF-8"?>
<testng-results skipped="0" failed="0" total="2" passed="2">
  <reporter-output>
  </reporter-output>
  <suite name="Suite1" duration-ms="15004" started-at="2015-10-04T23:27:45Z" finished-at="2015-10-04T23:28:00Z">
    <groups>
    </groups>
    <test name="Login test_chrome" duration-ms="14640" started-at="2015-10-04T23:27:45Z" finished-at="2015-10-04T23:28:00Z">
      <class name="testSample">
        <test-method status="PASS" signature="testLogin(java.lang.String)[pri:0, instance:testSample@f5f2bb7]" name="testLogin" duration-ms="13960" started-at="2015-10-05T01:27:45Z" finished-at="2015-10-05T01:27:59Z">
          <params>
            <param index="0">
              <value>
                <![CDATA[chrome]]>
              </value>
            </param>
          </params>
          <reporter-output>
          </reporter-output>
        </test-method> <!-- testLogin -->
        <test-method status="PASS" signature="Closebrowser()[pri:0, instance:testSample@f5f2bb7]" name="Closebrowser" is-config="true" duration-ms="632" started-at="2015-10-05T01:27:59Z" finished-at="2015-10-05T01:28:00Z">
          <reporter-output>
          </reporter-output>
        </test-method> <!-- Closebrowser -->
      </class> <!-- testSample -->
    </test> <!-- Login test_chrome -->
    <test name="Login test_firefox" duration-ms="15004" started-at="2015-10-04T23:27:45Z" finished-at="2015-10-04T23:28:00Z">
      <class name="testSample">
        <test-method status="PASS" signature="testLogin(java.lang.String)[pri:0, instance:testSample@6956de9]" name="testLogin" duration-ms="14649" started-at="2015-10-05T01:27:45Z" finished-at="2015-10-05T01:28:00Z">
          <params>
            <param index="0">
              <value>
                <![CDATA[firefox]]>
              </value>
            </param>
          </params>
          <reporter-output>
          </reporter-output>
        </test-method> <!-- testLogin -->
        <test-method status="PASS" signature="Closebrowser()[pri:0, instance:testSample@6956de9]" name="Closebrowser" is-config="true" duration-ms="306" started-at="2015-10-05T01:28:00Z" finished-at="2015-10-05T01:28:00Z">
          <reporter-output>
          </reporter-output>
        </test-method> <!-- Closebrowser -->
      </class> <!-- testSample -->
    </test> <!-- Login test_firefox -->
  </suite> <!-- Suite1 -->
</testng-results>
